<?xml version="1.0" encoding="UTF-8"?>
<testng-results skipped="0" failed="0" ignored="0" total="1" passed="1">
  <reporter-output>
  </reporter-output>
  <suite name="Default suite" duration-ms="21511" started-at="2018-11-12T11:17:24Z" finished-at="2018-11-12T11:17:45Z">
    <groups>
    </groups>
    <test name="Default test" duration-ms="21511" started-at="2018-11-12T11:17:24Z" finished-at="2018-11-12T11:17:45Z">
      <class name="testCases.CalendarTestCase">
        <test-method status="PASS" signature="calendar()[pri:0, instance:testCases.CalendarTestCase@32d992b2]" name="calendar" duration-ms="21493" started-at="2018-11-12T16:47:24Z" finished-at="2018-11-12T16:47:45Z">
          <reporter-output>
          </reporter-output>
        </test-method> <!-- calendar -->
      </class> <!-- testCases.CalendarTestCase -->
    </test> <!-- Default test -->
  </suite> <!-- Default suite -->
</testng-results>
